15-Oct-2025 01:17:28 | INFO    | Your Klayout version is: KLayout 0.28.16
15-Oct-2025 01:17:28 | INFO    | ## Generating template with for the following rule tables: ['nwell.drc']
15-Oct-2025 01:17:28 | INFO    | ## Your run dir located at: /home/rifki-afriadi/Campus/integration/SSCS-Chipaton-2025_ChipiChapa/designs/integration/DRC_run
15-Oct-2025 01:17:28 | INFO    | ## Generating template with for the following rule tables: ['esd.drc']
15-Oct-2025 01:17:28 | INFO    | ## Your run dir located at: /home/rifki-afriadi/Campus/integration/SSCS-Chipaton-2025_ChipiChapa/designs/integration/DRC_run
15-Oct-2025 01:17:28 | INFO    | ## Generating template with for the following rule tables: ['via5.drc']
15-Oct-2025 01:17:28 | INFO    | ## Your run dir located at: /home/rifki-afriadi/Campus/integration/SSCS-Chipaton-2025_ChipiChapa/designs/integration/DRC_run
15-Oct-2025 01:17:28 | INFO    | ## Generating template with for the following rule tables: ['mim_a.drc']
15-Oct-2025 01:17:28 | INFO    | ## Your run dir located at: /home/rifki-afriadi/Campus/integration/SSCS-Chipaton-2025_ChipiChapa/designs/integration/DRC_run
15-Oct-2025 01:17:28 | INFO    | ## Generating template with for the following rule tables: ['nat.drc']
15-Oct-2025 01:17:28 | INFO    | ## Your run dir located at: /home/rifki-afriadi/Campus/integration/SSCS-Chipaton-2025_ChipiChapa/designs/integration/DRC_run
15-Oct-2025 01:17:28 | INFO    | ## Generating template with for the following rule tables: ['metaltop.drc']
15-Oct-2025 01:17:28 | INFO    | ## Your run dir located at: /home/rifki-afriadi/Campus/integration/SSCS-Chipaton-2025_ChipiChapa/designs/integration/DRC_run
15-Oct-2025 01:17:28 | INFO    | ## Generating template with for the following rule tables: ['via3.drc']
15-Oct-2025 01:17:28 | INFO    | ## Your run dir located at: /home/rifki-afriadi/Campus/integration/SSCS-Chipaton-2025_ChipiChapa/designs/integration/DRC_run
15-Oct-2025 01:17:28 | INFO    | ## Generating template with for the following rule tables: ['geom.drc']
15-Oct-2025 01:17:28 | INFO    | ## Your run dir located at: /home/rifki-afriadi/Campus/integration/SSCS-Chipaton-2025_ChipiChapa/designs/integration/DRC_run
15-Oct-2025 01:17:28 | INFO    | ## Generating template with for the following rule tables: ['nplus.drc']
15-Oct-2025 01:17:28 | INFO    | ## Your run dir located at: /home/rifki-afriadi/Campus/integration/SSCS-Chipaton-2025_ChipiChapa/designs/integration/DRC_run
15-Oct-2025 01:17:28 | INFO    | ## Generating template with for the following rule tables: ['sram_3p3.drc']
15-Oct-2025 01:17:28 | INFO    | ## Your run dir located at: /home/rifki-afriadi/Campus/integration/SSCS-Chipaton-2025_ChipiChapa/designs/integration/DRC_run
15-Oct-2025 01:17:28 | INFO    | ## Generating template with for the following rule tables: ['drc_bjt.drc']
15-Oct-2025 01:17:28 | INFO    | ## Your run dir located at: /home/rifki-afriadi/Campus/integration/SSCS-Chipaton-2025_ChipiChapa/designs/integration/DRC_run
15-Oct-2025 01:17:28 | INFO    | ## Generating template with for the following rule tables: ['mcell.drc']
15-Oct-2025 01:17:28 | INFO    | ## Your run dir located at: /home/rifki-afriadi/Campus/integration/SSCS-Chipaton-2025_ChipiChapa/designs/integration/DRC_run
15-Oct-2025 01:17:28 | INFO    | ## Generating template with for the following rule tables: ['via1.drc']
15-Oct-2025 01:17:28 | INFO    | ## Your run dir located at: /home/rifki-afriadi/Campus/integration/SSCS-Chipaton-2025_ChipiChapa/designs/integration/DRC_run
15-Oct-2025 01:17:28 | INFO    | ## Generating template with for the following rule tables: ['metal2.drc']
15-Oct-2025 01:17:28 | INFO    | ## Your run dir located at: /home/rifki-afriadi/Campus/integration/SSCS-Chipaton-2025_ChipiChapa/designs/integration/DRC_run
15-Oct-2025 01:17:28 | INFO    | ## Generating template with for the following rule tables: ['comp.drc']
15-Oct-2025 01:17:28 | INFO    | ## Your run dir located at: /home/rifki-afriadi/Campus/integration/SSCS-Chipaton-2025_ChipiChapa/designs/integration/DRC_run
15-Oct-2025 01:17:28 | INFO    | ## Generating template with for the following rule tables: ['lres.drc']
15-Oct-2025 01:17:28 | INFO    | ## Your run dir located at: /home/rifki-afriadi/Campus/integration/SSCS-Chipaton-2025_ChipiChapa/designs/integration/DRC_run
15-Oct-2025 01:17:28 | INFO    | ## Generating template with for the following rule tables: ['via2.drc']
15-Oct-2025 01:17:28 | INFO    | ## Your run dir located at: /home/rifki-afriadi/Campus/integration/SSCS-Chipaton-2025_ChipiChapa/designs/integration/DRC_run
15-Oct-2025 01:17:28 | INFO    | ## Generating template with for the following rule tables: ['hres.drc']
15-Oct-2025 01:17:28 | INFO    | ## Your run dir located at: /home/rifki-afriadi/Campus/integration/SSCS-Chipaton-2025_ChipiChapa/designs/integration/DRC_run
15-Oct-2025 01:17:28 | INFO    | ## Generating template with for the following rule tables: ['pres.drc']
15-Oct-2025 01:17:28 | INFO    | ## Your run dir located at: /home/rifki-afriadi/Campus/integration/SSCS-Chipaton-2025_ChipiChapa/designs/integration/DRC_run
15-Oct-2025 01:17:28 | INFO    | ## Generating template with for the following rule tables: ['ldnmos.drc']
15-Oct-2025 01:17:28 | INFO    | ## Your run dir located at: /home/rifki-afriadi/Campus/integration/SSCS-Chipaton-2025_ChipiChapa/designs/integration/DRC_run
15-Oct-2025 01:17:28 | INFO    | ## Generating template with for the following rule tables: ['poly2.drc']
15-Oct-2025 01:17:28 | INFO    | ## Your run dir located at: /home/rifki-afriadi/Campus/integration/SSCS-Chipaton-2025_ChipiChapa/designs/integration/DRC_run
15-Oct-2025 01:17:28 | INFO    | ## Generating template with for the following rule tables: ['pplus.drc']
15-Oct-2025 01:17:28 | INFO    | ## Your run dir located at: /home/rifki-afriadi/Campus/integration/SSCS-Chipaton-2025_ChipiChapa/designs/integration/DRC_run
15-Oct-2025 01:17:28 | INFO    | ## Generating template with for the following rule tables: ['metal5.drc']
15-Oct-2025 01:17:28 | INFO    | ## Your run dir located at: /home/rifki-afriadi/Campus/integration/SSCS-Chipaton-2025_ChipiChapa/designs/integration/DRC_run
15-Oct-2025 01:17:28 | INFO    | ## Generating template with for the following rule tables: ['metaltop_30k.drc']
15-Oct-2025 01:17:28 | INFO    | ## Your run dir located at: /home/rifki-afriadi/Campus/integration/SSCS-Chipaton-2025_ChipiChapa/designs/integration/DRC_run
15-Oct-2025 01:17:28 | INFO    | ## Generating template with for the following rule tables: ['dnwell.drc']
15-Oct-2025 01:17:28 | INFO    | ## Your run dir located at: /home/rifki-afriadi/Campus/integration/SSCS-Chipaton-2025_ChipiChapa/designs/integration/DRC_run
15-Oct-2025 01:17:28 | INFO    | ## Generating template with for the following rule tables: ['lvpwell.drc']
15-Oct-2025 01:17:28 | INFO    | ## Your run dir located at: /home/rifki-afriadi/Campus/integration/SSCS-Chipaton-2025_ChipiChapa/designs/integration/DRC_run
15-Oct-2025 01:17:28 | INFO    | ## Generating template with for the following rule tables: ['sab.drc']
15-Oct-2025 01:17:28 | INFO    | ## Your run dir located at: /home/rifki-afriadi/Campus/integration/SSCS-Chipaton-2025_ChipiChapa/designs/integration/DRC_run
15-Oct-2025 01:17:28 | INFO    | ## Generating template with for the following rule tables: ['lvs_bjt.drc']
15-Oct-2025 01:17:28 | INFO    | ## Your run dir located at: /home/rifki-afriadi/Campus/integration/SSCS-Chipaton-2025_ChipiChapa/designs/integration/DRC_run
15-Oct-2025 01:17:28 | INFO    | ## Generating template with for the following rule tables: ['contact.drc']
15-Oct-2025 01:17:28 | INFO    | ## Your run dir located at: /home/rifki-afriadi/Campus/integration/SSCS-Chipaton-2025_ChipiChapa/designs/integration/DRC_run
15-Oct-2025 01:17:28 | INFO    | ## Generating template with for the following rule tables: ['metal4.drc']
15-Oct-2025 01:17:28 | INFO    | ## Your run dir located at: /home/rifki-afriadi/Campus/integration/SSCS-Chipaton-2025_ChipiChapa/designs/integration/DRC_run
15-Oct-2025 01:17:28 | INFO    | ## Generating template with for the following rule tables: ['otp_mk.drc']
15-Oct-2025 01:17:28 | INFO    | ## Your run dir located at: /home/rifki-afriadi/Campus/integration/SSCS-Chipaton-2025_ChipiChapa/designs/integration/DRC_run
15-Oct-2025 01:17:28 | INFO    | ## Generating template with for the following rule tables: ['ymtp_mk.drc']
15-Oct-2025 01:17:28 | INFO    | ## Your run dir located at: /home/rifki-afriadi/Campus/integration/SSCS-Chipaton-2025_ChipiChapa/designs/integration/DRC_run
15-Oct-2025 01:17:28 | INFO    | ## Generating template with for the following rule tables: ['sram_5p0.drc']
15-Oct-2025 01:17:28 | INFO    | ## Your run dir located at: /home/rifki-afriadi/Campus/integration/SSCS-Chipaton-2025_ChipiChapa/designs/integration/DRC_run
15-Oct-2025 01:17:28 | INFO    | ## Generating template with for the following rule tables: ['via4.drc']
15-Oct-2025 01:17:28 | INFO    | ## Your run dir located at: /home/rifki-afriadi/Campus/integration/SSCS-Chipaton-2025_ChipiChapa/designs/integration/DRC_run
15-Oct-2025 01:17:28 | INFO    | ## Generating template with for the following rule tables: ['mim_b.drc']
15-Oct-2025 01:17:28 | INFO    | ## Your run dir located at: /home/rifki-afriadi/Campus/integration/SSCS-Chipaton-2025_ChipiChapa/designs/integration/DRC_run
15-Oct-2025 01:17:28 | INFO    | ## Generating template with for the following rule tables: ['ldpmos.drc']
15-Oct-2025 01:17:28 | INFO    | ## Your run dir located at: /home/rifki-afriadi/Campus/integration/SSCS-Chipaton-2025_ChipiChapa/designs/integration/DRC_run
15-Oct-2025 01:17:28 | INFO    | ## Generating template with for the following rule tables: ['metal3.drc']
15-Oct-2025 01:17:28 | INFO    | ## Your run dir located at: /home/rifki-afriadi/Campus/integration/SSCS-Chipaton-2025_ChipiChapa/designs/integration/DRC_run
15-Oct-2025 01:17:28 | INFO    | ## Generating template with for the following rule tables: ['dummy_exclude.drc']
15-Oct-2025 01:17:28 | INFO    | ## Your run dir located at: /home/rifki-afriadi/Campus/integration/SSCS-Chipaton-2025_ChipiChapa/designs/integration/DRC_run
15-Oct-2025 01:17:28 | INFO    | ## Generating template with for the following rule tables: ['efuse.drc']
15-Oct-2025 01:17:28 | INFO    | ## Your run dir located at: /home/rifki-afriadi/Campus/integration/SSCS-Chipaton-2025_ChipiChapa/designs/integration/DRC_run
15-Oct-2025 01:17:28 | INFO    | ## Generating template with for the following rule tables: ['metal1.drc']
15-Oct-2025 01:17:28 | INFO    | ## Your run dir located at: /home/rifki-afriadi/Campus/integration/SSCS-Chipaton-2025_ChipiChapa/designs/integration/DRC_run
15-Oct-2025 01:17:28 | INFO    | ## Generating template with for the following rule tables: ['dualgate.drc']
15-Oct-2025 01:17:28 | INFO    | ## Your run dir located at: /home/rifki-afriadi/Campus/integration/SSCS-Chipaton-2025_ChipiChapa/designs/integration/DRC_run
15-Oct-2025 01:17:28 | INFO    | Running Global Foundries 180nm MCU /home/rifki-afriadi/Campus/integration/SSCS-Chipaton-2025_ChipiChapa/designs/integration/Full_integration.gds checks on design nwell on cell Chipathon2025_2_padring:
15-Oct-2025 01:17:28 | INFO    | Running Global Foundries 180nm MCU /home/rifki-afriadi/Campus/integration/SSCS-Chipaton-2025_ChipiChapa/designs/integration/Full_integration.gds checks on design esd on cell Chipathon2025_2_padring:
15-Oct-2025 01:17:28 | INFO    | Running Global Foundries 180nm MCU /home/rifki-afriadi/Campus/integration/SSCS-Chipaton-2025_ChipiChapa/designs/integration/Full_integration.gds checks on design via5 on cell Chipathon2025_2_padring:
15-Oct-2025 01:17:28 | INFO    | Running Global Foundries 180nm MCU /home/rifki-afriadi/Campus/integration/SSCS-Chipaton-2025_ChipiChapa/designs/integration/Full_integration.gds checks on design mim_a on cell Chipathon2025_2_padring:
15-Oct-2025 01:17:28 | INFO    | Running Global Foundries 180nm MCU /home/rifki-afriadi/Campus/integration/SSCS-Chipaton-2025_ChipiChapa/designs/integration/Full_integration.gds checks on design nat on cell Chipathon2025_2_padring:
15-Oct-2025 01:17:28 | INFO    | Running Global Foundries 180nm MCU /home/rifki-afriadi/Campus/integration/SSCS-Chipaton-2025_ChipiChapa/designs/integration/Full_integration.gds checks on design metaltop on cell Chipathon2025_2_padring:
15-Oct-2025 01:17:40 | INFO    | Running Global Foundries 180nm MCU /home/rifki-afriadi/Campus/integration/SSCS-Chipaton-2025_ChipiChapa/designs/integration/Full_integration.gds checks on design via3 on cell Chipathon2025_2_padring:
15-Oct-2025 01:17:42 | INFO    | Running Global Foundries 180nm MCU /home/rifki-afriadi/Campus/integration/SSCS-Chipaton-2025_ChipiChapa/designs/integration/Full_integration.gds checks on design geom on cell Chipathon2025_2_padring:
15-Oct-2025 01:17:43 | INFO    | Running Global Foundries 180nm MCU /home/rifki-afriadi/Campus/integration/SSCS-Chipaton-2025_ChipiChapa/designs/integration/Full_integration.gds checks on design nplus on cell Chipathon2025_2_padring:
15-Oct-2025 01:17:45 | INFO    | Running Global Foundries 180nm MCU /home/rifki-afriadi/Campus/integration/SSCS-Chipaton-2025_ChipiChapa/designs/integration/Full_integration.gds checks on design sram_3p3 on cell Chipathon2025_2_padring:
15-Oct-2025 01:18:01 | INFO    | Running Global Foundries 180nm MCU /home/rifki-afriadi/Campus/integration/SSCS-Chipaton-2025_ChipiChapa/designs/integration/Full_integration.gds checks on design drc_bjt on cell Chipathon2025_2_padring:
15-Oct-2025 01:18:06 | INFO    | Running Global Foundries 180nm MCU /home/rifki-afriadi/Campus/integration/SSCS-Chipaton-2025_ChipiChapa/designs/integration/Full_integration.gds checks on design mcell on cell Chipathon2025_2_padring:
15-Oct-2025 01:18:27 | INFO    | Running Global Foundries 180nm MCU /home/rifki-afriadi/Campus/integration/SSCS-Chipaton-2025_ChipiChapa/designs/integration/Full_integration.gds checks on design via1 on cell Chipathon2025_2_padring:
15-Oct-2025 01:18:29 | INFO    | Running Global Foundries 180nm MCU /home/rifki-afriadi/Campus/integration/SSCS-Chipaton-2025_ChipiChapa/designs/integration/Full_integration.gds checks on design metal2 on cell Chipathon2025_2_padring:
15-Oct-2025 01:18:30 | INFO    | Running Global Foundries 180nm MCU /home/rifki-afriadi/Campus/integration/SSCS-Chipaton-2025_ChipiChapa/designs/integration/Full_integration.gds checks on design comp on cell Chipathon2025_2_padring:
15-Oct-2025 01:18:45 | INFO    | Running Global Foundries 180nm MCU /home/rifki-afriadi/Campus/integration/SSCS-Chipaton-2025_ChipiChapa/designs/integration/Full_integration.gds checks on design lres on cell Chipathon2025_2_padring:
15-Oct-2025 01:19:03 | INFO    | Running Global Foundries 180nm MCU /home/rifki-afriadi/Campus/integration/SSCS-Chipaton-2025_ChipiChapa/designs/integration/Full_integration.gds checks on design via2 on cell Chipathon2025_2_padring:
15-Oct-2025 01:19:10 | INFO    | Running Global Foundries 180nm MCU /home/rifki-afriadi/Campus/integration/SSCS-Chipaton-2025_ChipiChapa/designs/integration/Full_integration.gds checks on design hres on cell Chipathon2025_2_padring:
15-Oct-2025 01:19:12 | INFO    | Running Global Foundries 180nm MCU /home/rifki-afriadi/Campus/integration/SSCS-Chipaton-2025_ChipiChapa/designs/integration/Full_integration.gds checks on design pres on cell Chipathon2025_2_padring:
15-Oct-2025 01:19:38 | INFO    | Running Global Foundries 180nm MCU /home/rifki-afriadi/Campus/integration/SSCS-Chipaton-2025_ChipiChapa/designs/integration/Full_integration.gds checks on design ldnmos on cell Chipathon2025_2_padring:
15-Oct-2025 01:19:42 | INFO    | Running Global Foundries 180nm MCU /home/rifki-afriadi/Campus/integration/SSCS-Chipaton-2025_ChipiChapa/designs/integration/Full_integration.gds checks on design poly2 on cell Chipathon2025_2_padring:
15-Oct-2025 01:20:22 | INFO    | Running Global Foundries 180nm MCU /home/rifki-afriadi/Campus/integration/SSCS-Chipaton-2025_ChipiChapa/designs/integration/Full_integration.gds checks on design pplus on cell Chipathon2025_2_padring:
15-Oct-2025 01:20:43 | INFO    | Running Global Foundries 180nm MCU /home/rifki-afriadi/Campus/integration/SSCS-Chipaton-2025_ChipiChapa/designs/integration/Full_integration.gds checks on design metal5 on cell Chipathon2025_2_padring:
15-Oct-2025 01:20:53 | INFO    | Running Global Foundries 180nm MCU /home/rifki-afriadi/Campus/integration/SSCS-Chipaton-2025_ChipiChapa/designs/integration/Full_integration.gds checks on design metaltop_30k on cell Chipathon2025_2_padring:
15-Oct-2025 01:21:06 | INFO    | Running Global Foundries 180nm MCU /home/rifki-afriadi/Campus/integration/SSCS-Chipaton-2025_ChipiChapa/designs/integration/Full_integration.gds checks on design dnwell on cell Chipathon2025_2_padring:
15-Oct-2025 01:21:08 | INFO    | Running Global Foundries 180nm MCU /home/rifki-afriadi/Campus/integration/SSCS-Chipaton-2025_ChipiChapa/designs/integration/Full_integration.gds checks on design lvpwell on cell Chipathon2025_2_padring:
15-Oct-2025 01:21:17 | INFO    | Running Global Foundries 180nm MCU /home/rifki-afriadi/Campus/integration/SSCS-Chipaton-2025_ChipiChapa/designs/integration/Full_integration.gds checks on design sab on cell Chipathon2025_2_padring:
15-Oct-2025 01:21:53 | INFO    | Running Global Foundries 180nm MCU /home/rifki-afriadi/Campus/integration/SSCS-Chipaton-2025_ChipiChapa/designs/integration/Full_integration.gds checks on design lvs_bjt on cell Chipathon2025_2_padring:
15-Oct-2025 01:21:54 | INFO    | Running Global Foundries 180nm MCU /home/rifki-afriadi/Campus/integration/SSCS-Chipaton-2025_ChipiChapa/designs/integration/Full_integration.gds checks on design contact on cell Chipathon2025_2_padring:
15-Oct-2025 01:22:17 | INFO    | Running Global Foundries 180nm MCU /home/rifki-afriadi/Campus/integration/SSCS-Chipaton-2025_ChipiChapa/designs/integration/Full_integration.gds checks on design metal4 on cell Chipathon2025_2_padring:
15-Oct-2025 01:22:22 | INFO    | Running Global Foundries 180nm MCU /home/rifki-afriadi/Campus/integration/SSCS-Chipaton-2025_ChipiChapa/designs/integration/Full_integration.gds checks on design otp_mk on cell Chipathon2025_2_padring:
15-Oct-2025 01:22:26 | INFO    | Running Global Foundries 180nm MCU /home/rifki-afriadi/Campus/integration/SSCS-Chipaton-2025_ChipiChapa/designs/integration/Full_integration.gds checks on design ymtp_mk on cell Chipathon2025_2_padring:
15-Oct-2025 01:22:46 | INFO    | Running Global Foundries 180nm MCU /home/rifki-afriadi/Campus/integration/SSCS-Chipaton-2025_ChipiChapa/designs/integration/Full_integration.gds checks on design sram_5p0 on cell Chipathon2025_2_padring:
15-Oct-2025 01:22:53 | INFO    | Running Global Foundries 180nm MCU /home/rifki-afriadi/Campus/integration/SSCS-Chipaton-2025_ChipiChapa/designs/integration/Full_integration.gds checks on design via4 on cell Chipathon2025_2_padring:
15-Oct-2025 01:22:53 | INFO    | Running Global Foundries 180nm MCU /home/rifki-afriadi/Campus/integration/SSCS-Chipaton-2025_ChipiChapa/designs/integration/Full_integration.gds checks on design mim_b on cell Chipathon2025_2_padring:
15-Oct-2025 01:23:18 | INFO    | Running Global Foundries 180nm MCU /home/rifki-afriadi/Campus/integration/SSCS-Chipaton-2025_ChipiChapa/designs/integration/Full_integration.gds checks on design ldpmos on cell Chipathon2025_2_padring:
15-Oct-2025 01:23:35 | INFO    | Running Global Foundries 180nm MCU /home/rifki-afriadi/Campus/integration/SSCS-Chipaton-2025_ChipiChapa/designs/integration/Full_integration.gds checks on design metal3 on cell Chipathon2025_2_padring:
15-Oct-2025 01:24:27 | INFO    | Running Global Foundries 180nm MCU /home/rifki-afriadi/Campus/integration/SSCS-Chipaton-2025_ChipiChapa/designs/integration/Full_integration.gds checks on design dummy_exclude on cell Chipathon2025_2_padring:
15-Oct-2025 01:25:02 | INFO    | Running Global Foundries 180nm MCU /home/rifki-afriadi/Campus/integration/SSCS-Chipaton-2025_ChipiChapa/designs/integration/Full_integration.gds checks on design efuse on cell Chipathon2025_2_padring:
15-Oct-2025 01:25:13 | INFO    | Running Global Foundries 180nm MCU /home/rifki-afriadi/Campus/integration/SSCS-Chipaton-2025_ChipiChapa/designs/integration/Full_integration.gds checks on design metal1 on cell Chipathon2025_2_padring:
15-Oct-2025 01:25:48 | INFO    | Running Global Foundries 180nm MCU /home/rifki-afriadi/Campus/integration/SSCS-Chipaton-2025_ChipiChapa/designs/integration/Full_integration.gds checks on design dualgate on cell Chipathon2025_2_padring:
15-Oct-2025 01:45:01 | ERROR   | Klayout DRC run is not clean.
15-Oct-2025 01:45:01 | ERROR   | Violated rules are : {'DF.6_MV'}

