
Circuit 1 cell pfet_03v3 and Circuit 2 cell pfet_03v3 are black boxes.
Warning: Equate pins:  cell pfet_03v3 is a placeholder, treated as a black box.
Warning: Equate pins:  cell pfet_03v3 is a placeholder, treated as a black box.

Subcircuit pins:
Circuit 1: pfet_03v3                       |Circuit 2: pfet_03v3                       
-------------------------------------------|-------------------------------------------
1                                          |1                                          
2                                          |2                                          
3                                          |3                                          
4                                          |4                                          
---------------------------------------------------------------------------------------
Cell pin lists are equivalent.
Device classes pfet_03v3 and pfet_03v3 are equivalent.

Circuit 1 cell nfet_03v3 and Circuit 2 cell nfet_03v3 are black boxes.
Warning: Equate pins:  cell nfet_03v3 is a placeholder, treated as a black box.
Warning: Equate pins:  cell nfet_03v3 is a placeholder, treated as a black box.

Subcircuit pins:
Circuit 1: nfet_03v3                       |Circuit 2: nfet_03v3                       
-------------------------------------------|-------------------------------------------
1                                          |1                                          
2                                          |2                                          
3                                          |3                                          
4                                          |4                                          
---------------------------------------------------------------------------------------
Cell pin lists are equivalent.
Device classes nfet_03v3 and nfet_03v3 are equivalent.

Subcircuit summary:
Circuit 1: gf180mcu_gp9t3v3__aoi221_1      |Circuit 2: gf180mcu_gp9t3v3__aoi221_1      
-------------------------------------------|-------------------------------------------
pfet_03v3 (5)                              |pfet_03v3 (5)                              
nfet_03v3 (5)                              |nfet_03v3 (5)                              
Number of devices: 10                      |Number of devices: 10                      
Number of nets: 12                         |Number of nets: 12                         
---------------------------------------------------------------------------------------
Netlists match uniquely.

Subcircuit pins:
Circuit 1: gf180mcu_gp9t3v3__aoi221_1      |Circuit 2: gf180mcu_gp9t3v3__aoi221_1      
-------------------------------------------|-------------------------------------------
vss                                        |vss                                        
Y                                          |Y                                          
vdd                                        |vdd                                        
A0                                         |A0                                         
A1                                         |A1                                         
B0                                         |B0                                         
B1                                         |B1                                         
C                                          |C                                          
---------------------------------------------------------------------------------------
Cell pin lists are equivalent.
Device classes gf180mcu_gp9t3v3__aoi221_1 and gf180mcu_gp9t3v3__aoi221_1 are equivalent.

Final result: Circuits match uniquely.
.
